<?xml version="1.0" encoding="UTF-8"?>
<!-- Generated by org.testng.reporters.JUnitXMLReporter -->
<testsuite ignored="0" hostname="LAPTOP-3UJAG6R8" failures="15" tests="17" name="Surefire test" time="0.684" errors="0" timestamp="2024-10-03T00:25:21 MSK">
  <testcase classname="ru.mai.lessons.rpks.impl.BracketsDetectorTest" name="testNegativeCheckAllBracketsRules" time="0.182">
    <failure type="java.lang.AssertionError" message="expected object to not be null">
      <![CDATA[java.lang.AssertionError: expected object to not be null
at ru.mai.lessons.rpks.impl.BracketsDetectorTest.testNegativeCheckAllBracketsRules(BracketsDetectorTest.java:245)
at java.base/java.util.concurrent.FutureTask.run(FutureTask.java:317)
at java.base/java.util.concurrent.Executors$RunnableAdapter.call(Executors.java:572)
at java.base/java.util.concurrent.FutureTask.run(FutureTask.java:317)
at java.base/java.util.concurrent.ThreadPoolExecutor.runWorker(ThreadPoolExecutor.java:1144)
at java.base/java.util.concurrent.ThreadPoolExecutor$Worker.run(ThreadPoolExecutor.java:642)
at java.base/java.lang.Thread.run(Thread.java:1570)
... Removed 10 stack frames]]>
    </failure>
  </testcase> <!-- testNegativeCheckAllBracketsRules -->
  <testcase classname="ru.mai.lessons.rpks.impl.BracketsDetectorTest" name="testNegativeCheckAllBracketsRules" time="0.018">
    <failure type="java.lang.AssertionError" message="expected object to not be null">
      <![CDATA[java.lang.AssertionError: expected object to not be null
at ru.mai.lessons.rpks.impl.BracketsDetectorTest.testNegativeCheckAllBracketsRules(BracketsDetectorTest.java:245)
at java.base/java.util.concurrent.FutureTask.run(FutureTask.java:317)
at java.base/java.util.concurrent.Executors$RunnableAdapter.call(Executors.java:572)
at java.base/java.util.concurrent.FutureTask.run(FutureTask.java:317)
at java.base/java.util.concurrent.ThreadPoolExecutor.runWorker(ThreadPoolExecutor.java:1144)
at java.base/java.util.concurrent.ThreadPoolExecutor$Worker.run(ThreadPoolExecutor.java:642)
at java.base/java.lang.Thread.run(Thread.java:1570)
... Removed 10 stack frames]]>
    </failure>
  </testcase> <!-- testNegativeCheckAllBracketsRules -->
  <testcase classname="ru.mai.lessons.rpks.impl.BracketsDetectorTest" name="testNegativeCheckMagicBracketsRules" time="0.008">
    <failure type="java.lang.AssertionError" message="expected object to not be null">
      <![CDATA[java.lang.AssertionError: expected object to not be null
at ru.mai.lessons.rpks.impl.BracketsDetectorTest.testNegativeCheckMagicBracketsRules(BracketsDetectorTest.java:278)
at java.base/java.util.ArrayList.forEach(ArrayList.java:1597)
... Removed 33 stack frames]]>
    </failure>
  </testcase> <!-- testNegativeCheckMagicBracketsRules -->
  <testcase classname="ru.mai.lessons.rpks.impl.BracketsDetectorTest" name="testPositiveCheckAllBracketsRules" time="0.041">
    <failure type="java.lang.AssertionError" message="expected object to not be null">
      <![CDATA[java.lang.AssertionError: expected object to not be null
at ru.mai.lessons.rpks.impl.BracketsDetectorTest.testPositiveCheckAllBracketsRules(BracketsDetectorTest.java:79)
at java.base/java.util.ArrayList.forEach(ArrayList.java:1597)
... Removed 33 stack frames]]>
    </failure>
  </testcase> <!-- testPositiveCheckAllBracketsRules -->
  <testcase classname="ru.mai.lessons.rpks.impl.BracketsDetectorTest" name="testPositiveCheckMagicBracketsRules" time="0.005">
    <failure type="java.lang.AssertionError" message="expected object to not be null">
      <![CDATA[java.lang.AssertionError: expected object to not be null
at ru.mai.lessons.rpks.impl.BracketsDetectorTest.testPositiveCheckMagicBracketsRules(BracketsDetectorTest.java:259)
at java.base/java.util.ArrayList.forEach(ArrayList.java:1597)
... Removed 33 stack frames]]>
    </failure>
  </testcase> <!-- testPositiveCheckMagicBracketsRules -->
  <testcase classname="ru.mai.lessons.rpks.impl.BracketsDetectorTest" name="testPositiveCheckSomeBracketsRules" time="0.004">
    <failure type="java.lang.AssertionError" message="expected object to not be null">
      <![CDATA[java.lang.AssertionError: expected object to not be null
at ru.mai.lessons.rpks.impl.BracketsDetectorTest.testPositiveCheckSomeBracketsRules(BracketsDetectorTest.java:201)
at java.base/java.util.concurrent.FutureTask.run(FutureTask.java:317)
at java.base/java.util.concurrent.Executors$RunnableAdapter.call(Executors.java:572)
at java.base/java.util.concurrent.FutureTask.run(FutureTask.java:317)
at java.base/java.util.concurrent.ThreadPoolExecutor.runWorker(ThreadPoolExecutor.java:1144)
at java.base/java.util.concurrent.ThreadPoolExecutor$Worker.run(ThreadPoolExecutor.java:642)
at java.base/java.lang.Thread.run(Thread.java:1570)
... Removed 10 stack frames]]>
    </failure>
  </testcase> <!-- testPositiveCheckSomeBracketsRules -->
  <testcase classname="ru.mai.lessons.rpks.impl.BracketsDetectorTest" name="testPositiveCheckSomeBracketsRules" time="0.004">
    <failure type="java.lang.AssertionError" message="expected object to not be null">
      <![CDATA[java.lang.AssertionError: expected object to not be null
at ru.mai.lessons.rpks.impl.BracketsDetectorTest.testPositiveCheckSomeBracketsRules(BracketsDetectorTest.java:201)
at java.base/java.util.concurrent.FutureTask.run(FutureTask.java:317)
at java.base/java.util.concurrent.Executors$RunnableAdapter.call(Executors.java:572)
at java.base/java.util.concurrent.FutureTask.run(FutureTask.java:317)
at java.base/java.util.concurrent.ThreadPoolExecutor.runWorker(ThreadPoolExecutor.java:1144)
at java.base/java.util.concurrent.ThreadPoolExecutor$Worker.run(ThreadPoolExecutor.java:642)
at java.base/java.lang.Thread.run(Thread.java:1570)
... Removed 10 stack frames]]>
    </failure>
  </testcase> <!-- testPositiveCheckSomeBracketsRules -->
  <testcase classname="ru.mai.lessons.rpks.impl.BracketsDetectorTest" name="testPositiveCheckSomeBracketsRules" time="0.006">
    <failure type="java.lang.AssertionError" message="expected object to not be null">
      <![CDATA[java.lang.AssertionError: expected object to not be null
at ru.mai.lessons.rpks.impl.BracketsDetectorTest.testPositiveCheckSomeBracketsRules(BracketsDetectorTest.java:201)
at java.base/java.util.concurrent.FutureTask.run(FutureTask.java:317)
at java.base/java.util.concurrent.Executors$RunnableAdapter.call(Executors.java:572)
at java.base/java.util.concurrent.FutureTask.run(FutureTask.java:317)
at java.base/java.util.concurrent.ThreadPoolExecutor.runWorker(ThreadPoolExecutor.java:1144)
at java.base/java.util.concurrent.ThreadPoolExecutor$Worker.run(ThreadPoolExecutor.java:642)
at java.base/java.lang.Thread.run(Thread.java:1570)
... Removed 10 stack frames]]>
    </failure>
  </testcase> <!-- testPositiveCheckSomeBracketsRules -->
  <testcase classname="ru.mai.lessons.rpks.impl.BracketsDetectorTest" name="testPositiveCheckSomeBracketsRules" time="0.001">
    <failure type="java.lang.AssertionError" message="expected object to not be null">
      <![CDATA[java.lang.AssertionError: expected object to not be null
at ru.mai.lessons.rpks.impl.BracketsDetectorTest.testPositiveCheckSomeBracketsRules(BracketsDetectorTest.java:201)
at java.base/java.util.concurrent.FutureTask.run(FutureTask.java:317)
at java.base/java.util.concurrent.Executors$RunnableAdapter.call(Executors.java:572)
at java.base/java.util.concurrent.FutureTask.run(FutureTask.java:317)
at java.base/java.util.concurrent.ThreadPoolExecutor.runWorker(ThreadPoolExecutor.java:1144)
at java.base/java.util.concurrent.ThreadPoolExecutor$Worker.run(ThreadPoolExecutor.java:642)
at java.base/java.lang.Thread.run(Thread.java:1570)
... Removed 10 stack frames]]>
    </failure>
  </testcase> <!-- testPositiveCheckSomeBracketsRules -->
  <testcase classname="ru.mai.lessons.rpks.impl.BracketsDetectorTest" name="testPositiveCheckSomeBracketsRules" time="0.004">
    <failure type="java.lang.AssertionError" message="expected object to not be null">
      <![CDATA[java.lang.AssertionError: expected object to not be null
at ru.mai.lessons.rpks.impl.BracketsDetectorTest.testPositiveCheckSomeBracketsRules(BracketsDetectorTest.java:201)
at java.base/java.util.concurrent.FutureTask.run(FutureTask.java:317)
at java.base/java.util.concurrent.Executors$RunnableAdapter.call(Executors.java:572)
at java.base/java.util.concurrent.FutureTask.run(FutureTask.java:317)
at java.base/java.util.concurrent.ThreadPoolExecutor.runWorker(ThreadPoolExecutor.java:1144)
at java.base/java.util.concurrent.ThreadPoolExecutor$Worker.run(ThreadPoolExecutor.java:642)
at java.base/java.lang.Thread.run(Thread.java:1570)
... Removed 10 stack frames]]>
    </failure>
  </testcase> <!-- testPositiveCheckSomeBracketsRules -->
  <testcase classname="ru.mai.lessons.rpks.impl.ConfigReaderTest" name="testNegativeLoadConfig" time="0.002">
    <failure type="org.testng.TestException" message="
Method ConfigReaderTest.testNegativeLoadConfig(java.lang.String)[pri:0, instance:ru.mai.lessons.rpks.impl.ConfigReaderTest@7b9a4292] should have thrown an exception of type class ru.mai.lessons.rpks.exception.FilenameShouldNotBeEmptyException">
      <![CDATA[org.testng.TestException: 
Method ConfigReaderTest.testNegativeLoadConfig(java.lang.String)[pri:0, instance:ru.mai.lessons.rpks.impl.ConfigReaderTest@7b9a4292] should have thrown an exception of type class ru.mai.lessons.rpks.exception.FilenameShouldNotBeEmptyException
at java.base/java.util.concurrent.FutureTask.run(FutureTask.java:317)
at java.base/java.util.concurrent.Executors$RunnableAdapter.call(Executors.java:572)
at java.base/java.util.concurrent.FutureTask.run(FutureTask.java:317)
at java.base/java.util.concurrent.ThreadPoolExecutor.runWorker(ThreadPoolExecutor.java:1144)
at java.base/java.util.concurrent.ThreadPoolExecutor$Worker.run(ThreadPoolExecutor.java:642)
at java.base/java.lang.Thread.run(Thread.java:1570)
... Removed 6 stack frames]]>
    </failure>
  </testcase> <!-- testNegativeLoadConfig -->
  <testcase classname="ru.mai.lessons.rpks.impl.ConfigReaderTest" name="testNegativeLoadConfig" time="0.007">
    <failure type="org.testng.TestException" message="
Method ConfigReaderTest.testNegativeLoadConfig(java.lang.String)[pri:0, instance:ru.mai.lessons.rpks.impl.ConfigReaderTest@7b9a4292] should have thrown an exception of type class ru.mai.lessons.rpks.exception.FilenameShouldNotBeEmptyException">
      <![CDATA[org.testng.TestException: 
Method ConfigReaderTest.testNegativeLoadConfig(java.lang.String)[pri:0, instance:ru.mai.lessons.rpks.impl.ConfigReaderTest@7b9a4292] should have thrown an exception of type class ru.mai.lessons.rpks.exception.FilenameShouldNotBeEmptyException
at java.base/java.util.concurrent.FutureTask.run(FutureTask.java:317)
at java.base/java.util.concurrent.Executors$RunnableAdapter.call(Executors.java:572)
at java.base/java.util.concurrent.FutureTask.run(FutureTask.java:317)
at java.base/java.util.concurrent.ThreadPoolExecutor.runWorker(ThreadPoolExecutor.java:1144)
at java.base/java.util.concurrent.ThreadPoolExecutor$Worker.run(ThreadPoolExecutor.java:642)
at java.base/java.lang.Thread.run(Thread.java:1570)
... Removed 6 stack frames]]>
    </failure>
  </testcase> <!-- testNegativeLoadConfig -->
  <testcase classname="ru.mai.lessons.rpks.impl.ConfigReaderTest" name="testPositiveLoadConfig" time="0.002">
    <failure type="java.lang.AssertionError" message="expected object to not be null">
      <![CDATA[java.lang.AssertionError: expected object to not be null
at ru.mai.lessons.rpks.impl.ConfigReaderTest.testPositiveLoadConfig(ConfigReaderTest.java:56)
at java.base/java.util.ArrayList.forEach(ArrayList.java:1597)
... Removed 33 stack frames]]>
    </failure>
  </testcase> <!-- testPositiveLoadConfig -->
  <testcase classname="ru.mai.lessons.rpks.impl.FileReaderTest" name="testNegativeLoadConfig" time="0.001"/>
  <testcase classname="ru.mai.lessons.rpks.impl.FileReaderTest" name="testNegativeLoadConfig" time="0.005"/>
  <testcase classname="ru.mai.lessons.rpks.impl.FileReaderTest" name="testPositiveLoadContent" time="0.0">
    <failure type="java.nio.file.InvalidPathException" message="Illegal char &amp;lt;:&amp;gt; at index 20: src/test/resources/C:\Users\79257\IdeaProjects\JavaServiceBrackets\target\test-classes\multiple_lines.txt">
      <![CDATA[java.nio.file.InvalidPathException: Illegal char <:> at index 20: src/test/resources/C:\Users\79257\IdeaProjects\JavaServiceBrackets\target\test-classes\multiple_lines.txt
at java.base/sun.nio.fs.WindowsPathParser.normalize(WindowsPathParser.java:204)
at java.base/sun.nio.fs.WindowsPathParser.parse(WindowsPathParser.java:175)
at java.base/sun.nio.fs.WindowsPathParser.parse(WindowsPathParser.java:77)
at java.base/sun.nio.fs.WindowsPath.parse(WindowsPath.java:92)
at java.base/sun.nio.fs.WindowsFileSystem.getPath(WindowsFileSystem.java:231)
at java.base/java.nio.file.Path.of(Path.java:148)
at java.base/java.nio.file.Paths.get(Paths.java:69)
at ru.mai.lessons.rpks.impl.FileReader.loadContent(FileReader.java:21)
at ru.mai.lessons.rpks.impl.FileReaderTest.testPositiveLoadContent(FileReaderTest.java:42)
at java.base/java.util.concurrent.FutureTask.run(FutureTask.java:317)
at java.base/java.util.concurrent.Executors$RunnableAdapter.call(Executors.java:572)
at java.base/java.util.concurrent.FutureTask.run(FutureTask.java:317)
at java.base/java.util.concurrent.ThreadPoolExecutor.runWorker(ThreadPoolExecutor.java:1144)
at java.base/java.util.concurrent.ThreadPoolExecutor$Worker.run(ThreadPoolExecutor.java:642)
at java.base/java.lang.Thread.run(Thread.java:1570)
... Removed 7 stack frames]]>
    </failure>
  </testcase> <!-- testPositiveLoadContent -->
  <testcase classname="ru.mai.lessons.rpks.impl.FileReaderTest" name="testPositiveLoadContent" time="0.002">
    <failure type="java.nio.file.InvalidPathException" message="Illegal char &amp;lt;:&amp;gt; at index 20: src/test/resources/C:\Users\79257\IdeaProjects\JavaServiceBrackets\target\test-classes\single_line.txt">
      <![CDATA[java.nio.file.InvalidPathException: Illegal char <:> at index 20: src/test/resources/C:\Users\79257\IdeaProjects\JavaServiceBrackets\target\test-classes\single_line.txt
at java.base/sun.nio.fs.WindowsPathParser.normalize(WindowsPathParser.java:204)
at java.base/sun.nio.fs.WindowsPathParser.parse(WindowsPathParser.java:175)
at java.base/sun.nio.fs.WindowsPathParser.parse(WindowsPathParser.java:77)
at java.base/sun.nio.fs.WindowsPath.parse(WindowsPath.java:92)
at java.base/sun.nio.fs.WindowsFileSystem.getPath(WindowsFileSystem.java:231)
at java.base/java.nio.file.Path.of(Path.java:148)
at java.base/java.nio.file.Paths.get(Paths.java:69)
at ru.mai.lessons.rpks.impl.FileReader.loadContent(FileReader.java:21)
at ru.mai.lessons.rpks.impl.FileReaderTest.testPositiveLoadContent(FileReaderTest.java:42)
at java.base/java.util.concurrent.FutureTask.run(FutureTask.java:317)
at java.base/java.util.concurrent.Executors$RunnableAdapter.call(Executors.java:572)
at java.base/java.util.concurrent.FutureTask.run(FutureTask.java:317)
at java.base/java.util.concurrent.ThreadPoolExecutor.runWorker(ThreadPoolExecutor.java:1144)
at java.base/java.util.concurrent.ThreadPoolExecutor$Worker.run(ThreadPoolExecutor.java:642)
at java.base/java.lang.Thread.run(Thread.java:1570)
... Removed 7 stack frames]]>
    </failure>
  </testcase> <!-- testPositiveLoadContent -->
</testsuite> <!-- Surefire test -->
